e:\cpp\cocos\tes111\inventory\proj.win32\debug.win32\alterloader.obj
e:\cpp\cocos\tes111\inventory\proj.win32\debug.win32\helloworldscene.obj
e:\cpp\cocos\tes111\inventory\proj.win32\debug.win32\appdelegate.obj
e:\cpp\cocos\tes111\inventory\proj.win32\debug.win32\vc120.pdb
e:\cpp\cocos\tes111\inventory\proj.win32\debug.win32\main.obj
e:\cpp\cocos\tes111\inventory\proj.win32\debug.win32\griditem.obj
e:\cpp\cocos\tes111\inventory\proj.win32\debug.win32\vc120.idb
e:\cpp\cocos\tes111\inventory\proj.win32\debug.win32\inventory.lib
e:\cpp\cocos\tes111\inventory\proj.win32\debug.win32\inventory.exp
e:\cpp\cocos\tes111\inventory\proj.win32\debug.win32\inventory.ilk
e:\cpp\cocos\tes111\inventory\proj.win32\debug.win32\inventory.exe
e:\cpp\cocos\tes111\inventory\proj.win32\debug.win32\inventory.pdb
e:\cpp\cocos\tes111\inventory\proj.win32\debug.win32\game.res
e:\cpp\cocos\tes111\inventory\proj.win32\debug.win32\inventory.tlog\cl.command.1.tlog
e:\cpp\cocos\tes111\inventory\proj.win32\debug.win32\inventory.tlog\cl.read.1.tlog
e:\cpp\cocos\tes111\inventory\proj.win32\debug.win32\inventory.tlog\cl.write.1.tlog
e:\cpp\cocos\tes111\inventory\proj.win32\debug.win32\inventory.tlog\inventory.write.1u.tlog
e:\cpp\cocos\tes111\inventory\proj.win32\debug.win32\inventory.tlog\link.command.1.tlog
e:\cpp\cocos\tes111\inventory\proj.win32\debug.win32\inventory.tlog\link.read.1.tlog
e:\cpp\cocos\tes111\inventory\proj.win32\debug.win32\inventory.tlog\link.write.1.tlog
e:\cpp\cocos\tes111\inventory\proj.win32\debug.win32\inventory.tlog\rc.command.1.tlog
e:\cpp\cocos\tes111\inventory\proj.win32\debug.win32\inventory.tlog\rc.read.1.tlog
e:\cpp\cocos\tes111\inventory\proj.win32\debug.win32\inventory.tlog\rc.write.1.tlog
